e:\univer\4 курс\projects\fiat-shamir\fiat-shamir\debug\vc120.pdb
e:\univer\4 курс\projects\fiat-shamir\fiat-shamir\debug\vc120.idb
e:\univer\4 курс\projects\fiat-shamir\fiat-shamir\debug\исходный код.obj
e:\univer\4 курс\projects\fiat-shamir\fiat-shamir\debug\vc140.pdb
e:\univer\4 курс\projects\fiat-shamir\fiat-shamir\debug\vc140.idb
e:\univer\4 курс\projects\fiat-shamir\fiat-shamir\debug\main.obj
e:\univer\4 курс\projects\fiat-shamir\debug\fiat-shamir.ilk
e:\univer\4 курс\projects\fiat-shamir\debug\fiat-shamir.exe
e:\univer\4 курс\projects\fiat-shamir\debug\fiat-shamir.pdb
d:\work\cods\4 курс\fiat-shamir-master\fiat-shamir-master\fiat-shamir\fiat-shamir\debug\main.obj
d:\work\cods\4 курс\fiat-shamir-master\fiat-shamir-master\fiat-shamir\fiat-shamir\debug\исходный код.obj
d:\work\cods\4 курс\fiat-shamir-master\fiat-shamir-master\fiat-shamir\fiat-shamir\debug\vc120.idb
d:\work\cods\4 курс\fiat-shamir-master\fiat-shamir-master\fiat-shamir\fiat-shamir\debug\vc140.idb
d:\work\cods\4 курс\fiat-shamir-master\fiat-shamir-master\fiat-shamir\fiat-shamir\debug\vc120.pdb
d:\work\cods\4 курс\fiat-shamir-master\fiat-shamir-master\fiat-shamir\fiat-shamir\debug\vc140.pdb
d:\work\cods\4 курс\fiat-shamir-master\fiat-shamir-master\fiat-shamir\debug\fiat-shamir.pdb
d:\work\cods\4 курс\fiat-shamir-master\fiat-shamir-master\fiat-shamir\debug\fiat-shamir.exe
d:\work\cods\4 курс\fiat-shamir-master\fiat-shamir-master\fiat-shamir\debug\fiat-shamir.ilk
d:\work\cods\4 курс\fiat-shamir-master\fiat-shamir-master\fiat-shamir\fiat-shamir\debug\fiat-shamir.tlog\cl.command.1.tlog
d:\work\cods\4 курс\fiat-shamir-master\fiat-shamir-master\fiat-shamir\fiat-shamir\debug\fiat-shamir.tlog\cl.read.1.tlog
d:\work\cods\4 курс\fiat-shamir-master\fiat-shamir-master\fiat-shamir\fiat-shamir\debug\fiat-shamir.tlog\cl.write.1.tlog
d:\work\cods\4 курс\fiat-shamir-master\fiat-shamir-master\fiat-shamir\fiat-shamir\debug\fiat-shamir.tlog\link.command.1.tlog
d:\work\cods\4 курс\fiat-shamir-master\fiat-shamir-master\fiat-shamir\fiat-shamir\debug\fiat-shamir.tlog\link.read.1.tlog
d:\work\cods\4 курс\fiat-shamir-master\fiat-shamir-master\fiat-shamir\fiat-shamir\debug\fiat-shamir.tlog\link.write.1.tlog
